0 info it worked if it ends with ok
1 verbose cli [ '/usr/bin/node', '/usr/bin/npm', 'publish' ]
2 info using npm@1.4.28
3 info using node@v0.10.40
4 verbose node symlink /usr/bin/node
5 verbose publish [ '.' ]
6 verbose cache add [ '.', null ]
7 verbose cache add name=undefined spec="." args=[".",null]
8 verbose parsed url { protocol: null,
8 verbose parsed url   slashes: null,
8 verbose parsed url   auth: null,
8 verbose parsed url   host: null,
8 verbose parsed url   port: null,
8 verbose parsed url   hostname: null,
8 verbose parsed url   hash: null,
8 verbose parsed url   search: null,
8 verbose parsed url   query: null,
8 verbose parsed url   pathname: '.',
8 verbose parsed url   path: '.',
8 verbose parsed url   href: '.' }
9 silly lockFile 3a52ce78- .
10 verbose lock . /home/nquangtrung/.npm/3a52ce78-.lock
11 verbose tar pack [ '/home/nquangtrung/.npm/fluxdux/1.0.0/package.tgz', '.' ]
12 verbose tarball /home/nquangtrung/.npm/fluxdux/1.0.0/package.tgz
13 verbose folder .
14 info prepublish fluxdux@1.0.0
15 silly lockFile 1f1177db-tar tar://.
16 verbose lock tar://. /home/nquangtrung/.npm/1f1177db-tar.lock
17 silly lockFile 4e43369f-ng-npm-fluxdux-1-0-0-package-tgz tar:///home/nquangtrung/.npm/fluxdux/1.0.0/package.tgz
18 verbose lock tar:///home/nquangtrung/.npm/fluxdux/1.0.0/package.tgz /home/nquangtrung/.npm/4e43369f-ng-npm-fluxdux-1-0-0-package-tgz.lock
19 silly lockFile 1f1177db-tar tar://.
20 silly lockFile 1f1177db-tar tar://.
21 silly lockFile 4e43369f-ng-npm-fluxdux-1-0-0-package-tgz tar:///home/nquangtrung/.npm/fluxdux/1.0.0/package.tgz
22 silly lockFile 4e43369f-ng-npm-fluxdux-1-0-0-package-tgz tar:///home/nquangtrung/.npm/fluxdux/1.0.0/package.tgz
23 silly lockFile 833753f5-gtrung-npm-fluxdux-1-0-0-package /home/nquangtrung/.npm/fluxdux/1.0.0/package
24 verbose lock /home/nquangtrung/.npm/fluxdux/1.0.0/package /home/nquangtrung/.npm/833753f5-gtrung-npm-fluxdux-1-0-0-package.lock
25 silly lockFile 833753f5-gtrung-npm-fluxdux-1-0-0-package /home/nquangtrung/.npm/fluxdux/1.0.0/package
26 silly lockFile 833753f5-gtrung-npm-fluxdux-1-0-0-package /home/nquangtrung/.npm/fluxdux/1.0.0/package
27 silly lockFile 3a52ce78- .
28 silly lockFile 3a52ce78- .
29 silly publish { name: 'fluxdux',
29 silly publish   version: '1.0.0',
29 silly publish   description: 'Flux and Redux together',
29 silly publish   main: 'fluxdux.js',
29 silly publish   scripts: { test: 'echo "Error: no test specified" && exit 1' },
29 silly publish   author: { name: 'trungnq' },
29 silly publish   license: 'ISC',
29 silly publish   readme: '# fluxdux\r\nFlux and Redux together\r\n',
29 silly publish   readmeFilename: 'README.md',
29 silly publish   _id: 'fluxdux@1.0.0',
29 silly publish   _shasum: 'c8efa53b63373f152ef64737f51838656755b252',
29 silly publish   _from: '.' }
30 verbose request where is /fluxdux
31 verbose request registry https://registry.npmjs.org/
32 verbose request id e98d36047d835ec6
33 verbose url raw /fluxdux
34 verbose url resolving [ 'https://registry.npmjs.org/', './fluxdux' ]
35 verbose url resolved https://registry.npmjs.org/fluxdux
36 verbose request where is https://registry.npmjs.org/fluxdux
37 info trying registry request attempt 1 at 13:51:14
38 http PUT https://registry.npmjs.org/fluxdux
39 http 403 https://registry.npmjs.org/fluxdux
40 verbose headers { 'content-type': 'application/json',
40 verbose headers   'cache-control': 'max-age=300',
40 verbose headers   'content-length': '95',
40 verbose headers   'accept-ranges': 'bytes',
40 verbose headers   date: 'Sun, 27 Dec 2015 06:51:15 GMT',
40 verbose headers   via: '1.1 varnish',
40 verbose headers   connection: 'keep-alive',
40 verbose headers   'x-served-by': 'cache-sin6922-SIN',
40 verbose headers   'x-cache': 'MISS',
40 verbose headers   'x-cache-hits': '0',
40 verbose headers   'x-timer': 'S1451199075.265551,VS0,VE623' }
41 error publish Failed PUT 403
42 error Error: "You cannot publish over the previously published version 1.0.0." : fluxdux
42 error     at RegClient.<anonymous> (/usr/lib/node_modules/npm/node_modules/npm-registry-client/lib/request.js:308:14)
42 error     at Request._callback (/usr/lib/node_modules/npm/node_modules/npm-registry-client/lib/request.js:246:65)
42 error     at Request.self.callback (/usr/lib/node_modules/npm/node_modules/request/request.js:236:22)
42 error     at Request.emit (events.js:98:17)
42 error     at Request.<anonymous> (/usr/lib/node_modules/npm/node_modules/request/request.js:1142:14)
42 error     at Request.emit (events.js:117:20)
42 error     at IncomingMessage.<anonymous> (/usr/lib/node_modules/npm/node_modules/request/request.js:1096:12)
42 error     at IncomingMessage.emit (events.js:117:20)
42 error     at _stream_readable.js:944:16
42 error     at process._tickCallback (node.js:448:13)
43 error If you need help, you may report this *entire* log,
43 error including the npm and node versions, at:
43 error     <http://github.com/npm/npm/issues>
44 error System Linux 3.13.0-53-generic
45 error command "/usr/bin/node" "/usr/bin/npm" "publish"
46 error cwd /media/data2/workspace/personal-learning-react/src/fluxdux/main
47 error node -v v0.10.40
48 error npm -v 1.4.28
49 verbose exit [ 1, true ]
